<?xml version="1.0" encoding="UTF-8"?>
<testsuite xmlns:xsi="http://www.w3.org/2001/XMLSchema-instance" xsi:noNamespaceSchemaLocation="https://maven.apache.org/surefire/maven-surefire-plugin/xsd/surefire-test-report.xsd" name="com.maven.kamal.TestPrimeNo" time="0.046" tests="1" errors="0" skipped="0" failures="1">
  <properties>
[...]
</properties>
  <testcase name="testPrimeNo" classname="com.maven.kamal.TestPrimeNo" time="0.015">
    <failure message="expected:&lt;true&gt; but was:&lt;false&gt;" type="java.lang.AssertionError"><![CDATA[java.lang.AssertionError: expected:<true> but was:<false>
	at com.maven.kamal.TestPrimeNo.testPrimeNo(TestPrimeNo.java:13)
]]></failure>
  </testcase>
</testsuite>